0 info it worked if it ends with ok
1 verbose cli [ '/usr/local/Cellar/node/0.10.35/bin/node',
1 verbose cli   '/usr/local/bin/npm',
1 verbose cli   'run-script',
1 verbose cli   'webpack-dev-server' ]
2 info using npm@3.3.6
3 info using node@v5.0.0
4 verbose run-script [ 'prewebpack-dev-server',
4 verbose run-script   'webpack-dev-server',
4 verbose run-script   'postwebpack-dev-server' ]
5 info lifecycle wis-react@1.0.0~prewebpack-dev-server: wis-react@1.0.0
6 silly lifecycle wis-react@1.0.0~prewebpack-dev-server: no script for prewebpack-dev-server, continuing
7 info lifecycle wis-react@1.0.0~webpack-dev-server: wis-react@1.0.0
8 verbose lifecycle wis-react@1.0.0~webpack-dev-server: unsafe-perm in lifecycle true
9 verbose lifecycle wis-react@1.0.0~webpack-dev-server: PATH: /usr/local/lib/node_modules/npm/bin/node-gyp-bin:/Users/dajunshi/Documents/workspace/docs/规范/bh-react/node_modules/.bin:/Users/dajunshi/bin:/usr/local/bin:/usr/local/bin:/usr/bin:/bin:/usr/sbin:/sbin
10 verbose lifecycle wis-react@1.0.0~webpack-dev-server: CWD: /Users/dajunshi/Documents/workspace/docs/规范/bh-react
11 silly lifecycle wis-react@1.0.0~webpack-dev-server: Args: [ '-c', 'webpack-dev-server' ]
12 silly lifecycle wis-react@1.0.0~webpack-dev-server: Returned: code: 1  signal: null
13 info lifecycle wis-react@1.0.0~webpack-dev-server: Failed to exec webpack-dev-server script
14 verbose stack Error: wis-react@1.0.0 webpack-dev-server: `webpack-dev-server`
14 verbose stack Exit status 1
14 verbose stack     at EventEmitter.<anonymous> (/usr/local/lib/node_modules/npm/lib/utils/lifecycle.js:233:16)
14 verbose stack     at emitTwo (events.js:87:13)
14 verbose stack     at EventEmitter.emit (events.js:172:7)
14 verbose stack     at ChildProcess.<anonymous> (/usr/local/lib/node_modules/npm/lib/utils/spawn.js:24:14)
14 verbose stack     at emitTwo (events.js:87:13)
14 verbose stack     at ChildProcess.emit (events.js:172:7)
14 verbose stack     at maybeClose (internal/child_process.js:818:16)
14 verbose stack     at Process.ChildProcess._handle.onexit (internal/child_process.js:211:5)
15 verbose pkgid wis-react@1.0.0
16 verbose cwd /Users/dajunshi/Documents/workspace/docs/规范/bh-react
17 error Darwin 15.0.0
18 error argv "/usr/local/Cellar/node/0.10.35/bin/node" "/usr/local/bin/npm" "run-script" "webpack-dev-server"
19 error node v5.0.0
20 error npm  v3.3.6
21 error code ELIFECYCLE
22 error wis-react@1.0.0 webpack-dev-server: `webpack-dev-server`
22 error Exit status 1
23 error Failed at the wis-react@1.0.0 webpack-dev-server script 'webpack-dev-server'.
23 error This is most likely a problem with the wis-react package,
23 error not with npm itself.
23 error Tell the author that this fails on your system:
23 error     webpack-dev-server
23 error You can get their info via:
23 error     npm owner ls wis-react
23 error There is likely additional logging output above.
24 verbose exit [ 1, true ]
